23-Dec-2019 00:42:19.475 信息 [main] org.apache.catalina.startup.VersionLoggerListener.log Server.服务器版本:        Apache Tomcat/9.0.21
23-Dec-2019 00:42:19.479 信息 [main] org.apache.catalina.startup.VersionLoggerListener.log Server.构建:          Jun 4 2019 20:19:36 UTC
23-Dec-2019 00:42:19.479 信息 [main] org.apache.catalina.startup.VersionLoggerListener.log Server version number: 9.0.21.0
23-Dec-2019 00:42:19.479 信息 [main] org.apache.catalina.startup.VersionLoggerListener.log OS Name:               Windows 10
23-Dec-2019 00:42:19.479 信息 [main] org.apache.catalina.startup.VersionLoggerListener.log OS.版本:            10.0
23-Dec-2019 00:42:19.479 信息 [main] org.apache.catalina.startup.VersionLoggerListener.log 结.造:          amd64
23-Dec-2019 00:42:19.479 信息 [main] org.apache.catalina.startup.VersionLoggerListener.log Java 环境变量:             C:\Program Files\Java\jdk1.8.0_211\jre
23-Dec-2019 00:42:19.481 信息 [main] org.apache.catalina.startup.VersionLoggerListener.log JVM 版本:           1.8.0_211-b12
23-Dec-2019 00:42:19.481 信息 [main] org.apache.catalina.startup.VersionLoggerListener.log JVM.供应商:            Oracle Corporation
23-Dec-2019 00:42:19.481 信息 [main] org.apache.catalina.startup.VersionLoggerListener.log CATALINA_BASE:         G:\学习\WEB\大作业\tomcat-9.0.21
23-Dec-2019 00:42:19.481 信息 [main] org.apache.catalina.startup.VersionLoggerListener.log CATALINA_HOME:         G:\学习\WEB\大作业\tomcat-9.0.21
23-Dec-2019 00:42:19.482 信息 [main] org.apache.catalina.startup.VersionLoggerListener.log Command line argument: -Djava.util.logging.config.file=G:\学习\WEB\大作业\tomcat-9.0.21\conf\logging.properties
23-Dec-2019 00:42:19.482 信息 [main] org.apache.catalina.startup.VersionLoggerListener.log Command line argument: -Djava.util.logging.manager=org.apache.juli.ClassLoaderLogManager
23-Dec-2019 00:42:19.482 信息 [main] org.apache.catalina.startup.VersionLoggerListener.log Command line argument: -Djdk.tls.ephemeralDHKeySize=2048
23-Dec-2019 00:42:19.482 信息 [main] org.apache.catalina.startup.VersionLoggerListener.log Command line argument: -Djava.protocol.handler.pkgs=org.apache.catalina.webresources
23-Dec-2019 00:42:19.482 信息 [main] org.apache.catalina.startup.VersionLoggerListener.log Command line argument: -Dignore.endorsed.dirs=
23-Dec-2019 00:42:19.483 信息 [main] org.apache.catalina.startup.VersionLoggerListener.log Command line argument: -Dcatalina.base=G:\学习\WEB\大作业\tomcat-9.0.21
23-Dec-2019 00:42:19.486 信息 [main] org.apache.catalina.startup.VersionLoggerListener.log Command line argument: -Dcatalina.home=G:\学习\WEB\大作业\tomcat-9.0.21
23-Dec-2019 00:42:19.486 信息 [main] org.apache.catalina.startup.VersionLoggerListener.log Command line argument: -Djava.io.tmpdir=G:\学习\WEB\大作业\tomcat-9.0.21\temp
23-Dec-2019 00:42:19.487 信息 [main] org.apache.catalina.core.AprLifecycleListener.lifecycleEvent The APR based Apache Tomcat Native library which allows optimal performance in production environments was not found on the java.library.path: [C:\Program Files\Java\jdk1.8.0_211\bin;C:\windows\Sun\Java\bin;C:\windows\system32;C:\windows;C:\Program Files\Java\jdk1.8.0_211\bin;C:\Program Files (x86)\Common Files\Intel\Shared Libraries\redist\intel64\compiler;C:\Program Files (x86)\Intel\iCLS Client\;C:\Program Files\Intel\iCLS Client\;C:\windows\system32;C:\windows;C:\windows\System32\Wbem;C:\windows\System32\WindowsPowerShell\v1.0\;C:\Program Files (x86)\Intel\Intel(R) Management Engine Components\DAL;C:\Program Files\Intel\Intel(R) Management Engine Components\DAL;C:\Program Files (x86)\Intel\Intel(R) Management Engine Components\IPT;C:\Program Files\Intel\Intel(R) Management Engine Components\IPT;C:\Program Files (x86)\NVIDIA Corporation\PhysX\Common;C:\windows\system32;C:\windows;C:\windows\System32\Wbem;C:\windows\System32\WindowsPowerShell\v1.0\;C:\windows\System32\OpenSSH\;C:\Program Files\dotnet\;C:\Program Files\Microsoft SQL Server\130\Tools\Binn\;C:\Program Files\Microsoft SQL Server\Client SDK\ODBC\170\Tools\Binn\;C:\Program Files\Git\cmd;C:\Program Files\NVIDIA Corporation\NVIDIA NvDLISR;C:\Program Files (x86)\Microsoft SQL Server\140\Tools\Binn\;C:\Program Files\Microsoft SQL Server\140\Tools\Binn\;C:\Program Files (x86)\Microsoft SQL Server\140\DTS\Binn\;C:\Program Files\Microsoft SQL Server\140\DTS\Binn\;C:\Program Files\Microsoft SQL Server\Client SDK\ODBC\130\Tools\Binn\;C:\Program Files (x86)\Microsoft SQL Server\150\DTS\Binn\;C:\Program Files\nodejs\;D:\编程项目\Maven-3.6.2\bin;C:\Program Files\TortoiseGit\bin;C:\Users\ZeroS\AppData\Local\Microsoft\WindowsApps;C:\Users\ZeroS\AppData\Local\Programs\Microsoft VS Code\bin;C:\Users\ZeroS\AppData\Roaming\npm;C:\Users\ZeroS\AppData\Local\Programs\Fiddler;C:\Users\ZeroS\AppData\Local\GitHubDesktop\bin;.]
23-Dec-2019 00:42:19.734 信息 [main] org.apache.coyote.AbstractProtocol.init 初始化协议处理器 ["http-nio-80"]
23-Dec-2019 00:42:20.227 信息 [main] org.apache.coyote.AbstractProtocol.init 初始化协议处理器 ["ajp-nio-8009"]
23-Dec-2019 00:42:20.233 信息 [main] org.apache.catalina.startup.Catalina.load 服务器在[979]毫秒内初始化
23-Dec-2019 00:42:20.259 信息 [main] org.apache.catalina.core.StandardService.startInternal Starting service [Catalina]
23-Dec-2019 00:42:20.259 信息 [main] org.apache.catalina.core.StandardEngine.startInternal Starting Servlet engine: [Apache Tomcat/9.0.21]
23-Dec-2019 00:42:20.269 信息 [main] org.apache.catalina.startup.HostConfig.deployDirectory 把web 应用程序部署到目录 [G:\学习\WEB\大作业\tomcat-9.0.21\webapps\docs]
23-Dec-2019 00:42:20.484 信息 [main] org.apache.catalina.startup.HostConfig.deployDirectory Deployment of web application directory [G:\学习\WEB\大作业\tomcat-9.0.21\webapps\docs] has finished in [215] ms
23-Dec-2019 00:42:20.486 信息 [main] org.apache.catalina.startup.HostConfig.deployDirectory 把web 应用程序部署到目录 [G:\学习\WEB\大作业\tomcat-9.0.21\webapps\examples]
23-Dec-2019 00:42:20.854 信息 [main] org.apache.catalina.startup.HostConfig.deployDirectory Deployment of web application directory [G:\学习\WEB\大作业\tomcat-9.0.21\webapps\examples] has finished in [368] ms
23-Dec-2019 00:42:20.854 信息 [main] org.apache.catalina.startup.HostConfig.deployDirectory 把web 应用程序部署到目录 [G:\学习\WEB\大作业\tomcat-9.0.21\webapps\host-manager]
23-Dec-2019 00:42:20.888 信息 [main] org.apache.catalina.startup.HostConfig.deployDirectory Deployment of web application directory [G:\学习\WEB\大作业\tomcat-9.0.21\webapps\host-manager] has finished in [33] ms
23-Dec-2019 00:42:20.888 信息 [main] org.apache.catalina.startup.HostConfig.deployDirectory 把web 应用程序部署到目录 [G:\学习\WEB\大作业\tomcat-9.0.21\webapps\manager]
23-Dec-2019 00:42:20.926 信息 [main] org.apache.catalina.startup.HostConfig.deployDirectory Deployment of web application directory [G:\学习\WEB\大作业\tomcat-9.0.21\webapps\manager] has finished in [38] ms
23-Dec-2019 00:42:20.927 信息 [main] org.apache.catalina.startup.HostConfig.deployDirectory 把web 应用程序部署到目录 [G:\学习\WEB\大作业\tomcat-9.0.21\webapps\ROOT]
23-Dec-2019 00:42:20.965 信息 [main] org.apache.catalina.startup.HostConfig.deployDirectory Deployment of web application directory [G:\学习\WEB\大作业\tomcat-9.0.21\webapps\ROOT] has finished in [38] ms
23-Dec-2019 00:42:20.969 信息 [main] org.apache.coyote.AbstractProtocol.start 开始协议处理句柄["http-nio-80"]
23-Dec-2019 00:42:20.978 信息 [main] org.apache.coyote.AbstractProtocol.start 开始协议处理句柄["ajp-nio-8009"]
23-Dec-2019 00:42:20.981 信息 [main] org.apache.catalina.startup.Catalina.start Server startup in [746] milliseconds
23-Dec-2019 00:45:02.801 信息 [main] org.apache.catalina.startup.VersionLoggerListener.log Server.服务器版本:        Apache Tomcat/9.0.21
23-Dec-2019 00:45:02.804 信息 [main] org.apache.catalina.startup.VersionLoggerListener.log Server.构建:          Jun 4 2019 20:19:36 UTC
23-Dec-2019 00:45:02.804 信息 [main] org.apache.catalina.startup.VersionLoggerListener.log Server version number: 9.0.21.0
23-Dec-2019 00:45:02.804 信息 [main] org.apache.catalina.startup.VersionLoggerListener.log OS Name:               Windows 10
23-Dec-2019 00:45:02.804 信息 [main] org.apache.catalina.startup.VersionLoggerListener.log OS.版本:            10.0
23-Dec-2019 00:45:02.804 信息 [main] org.apache.catalina.startup.VersionLoggerListener.log 结.造:          amd64
23-Dec-2019 00:45:02.804 信息 [main] org.apache.catalina.startup.VersionLoggerListener.log Java 环境变量:             C:\Program Files\Java\jdk1.8.0_211\jre
23-Dec-2019 00:45:02.805 信息 [main] org.apache.catalina.startup.VersionLoggerListener.log JVM 版本:           1.8.0_211-b12
23-Dec-2019 00:45:02.805 信息 [main] org.apache.catalina.startup.VersionLoggerListener.log JVM.供应商:            Oracle Corporation
23-Dec-2019 00:45:02.805 信息 [main] org.apache.catalina.startup.VersionLoggerListener.log CATALINA_BASE:         G:\学习\WEB\大作业\tomcat-9.0.21
23-Dec-2019 00:45:02.805 信息 [main] org.apache.catalina.startup.VersionLoggerListener.log CATALINA_HOME:         G:\学习\WEB\大作业\tomcat-9.0.21
23-Dec-2019 00:45:02.806 信息 [main] org.apache.catalina.startup.VersionLoggerListener.log Command line argument: -Djava.util.logging.config.file=G:\学习\WEB\大作业\tomcat-9.0.21\conf\logging.properties
23-Dec-2019 00:45:02.806 信息 [main] org.apache.catalina.startup.VersionLoggerListener.log Command line argument: -Djava.util.logging.manager=org.apache.juli.ClassLoaderLogManager
23-Dec-2019 00:45:02.806 信息 [main] org.apache.catalina.startup.VersionLoggerListener.log Command line argument: -Djdk.tls.ephemeralDHKeySize=2048
23-Dec-2019 00:45:02.806 信息 [main] org.apache.catalina.startup.VersionLoggerListener.log Command line argument: -Djava.protocol.handler.pkgs=org.apache.catalina.webresources
23-Dec-2019 00:45:02.806 信息 [main] org.apache.catalina.startup.VersionLoggerListener.log Command line argument: -Dignore.endorsed.dirs=
23-Dec-2019 00:45:02.807 信息 [main] org.apache.catalina.startup.VersionLoggerListener.log Command line argument: -Dcatalina.base=G:\学习\WEB\大作业\tomcat-9.0.21
23-Dec-2019 00:45:02.810 信息 [main] org.apache.catalina.startup.VersionLoggerListener.log Command line argument: -Dcatalina.home=G:\学习\WEB\大作业\tomcat-9.0.21
23-Dec-2019 00:45:02.810 信息 [main] org.apache.catalina.startup.VersionLoggerListener.log Command line argument: -Djava.io.tmpdir=G:\学习\WEB\大作业\tomcat-9.0.21\temp
23-Dec-2019 00:45:02.811 信息 [main] org.apache.catalina.core.AprLifecycleListener.lifecycleEvent The APR based Apache Tomcat Native library which allows optimal performance in production environments was not found on the java.library.path: [C:\Program Files\Java\jdk1.8.0_211\bin;C:\windows\Sun\Java\bin;C:\windows\system32;C:\windows;C:\Program Files\Java\jdk1.8.0_211\bin;C:\Program Files (x86)\Common Files\Intel\Shared Libraries\redist\intel64\compiler;C:\Program Files (x86)\Intel\iCLS Client\;C:\Program Files\Intel\iCLS Client\;C:\windows\system32;C:\windows;C:\windows\System32\Wbem;C:\windows\System32\WindowsPowerShell\v1.0\;C:\Program Files (x86)\Intel\Intel(R) Management Engine Components\DAL;C:\Program Files\Intel\Intel(R) Management Engine Components\DAL;C:\Program Files (x86)\Intel\Intel(R) Management Engine Components\IPT;C:\Program Files\Intel\Intel(R) Management Engine Components\IPT;C:\Program Files (x86)\NVIDIA Corporation\PhysX\Common;C:\windows\system32;C:\windows;C:\windows\System32\Wbem;C:\windows\System32\WindowsPowerShell\v1.0\;C:\windows\System32\OpenSSH\;C:\Program Files\dotnet\;C:\Program Files\Microsoft SQL Server\130\Tools\Binn\;C:\Program Files\Microsoft SQL Server\Client SDK\ODBC\170\Tools\Binn\;C:\Program Files\Git\cmd;C:\Program Files\NVIDIA Corporation\NVIDIA NvDLISR;C:\Program Files (x86)\Microsoft SQL Server\140\Tools\Binn\;C:\Program Files\Microsoft SQL Server\140\Tools\Binn\;C:\Program Files (x86)\Microsoft SQL Server\140\DTS\Binn\;C:\Program Files\Microsoft SQL Server\140\DTS\Binn\;C:\Program Files\Microsoft SQL Server\Client SDK\ODBC\130\Tools\Binn\;C:\Program Files (x86)\Microsoft SQL Server\150\DTS\Binn\;C:\Program Files\nodejs\;D:\编程项目\Maven-3.6.2\bin;C:\Program Files\TortoiseGit\bin;C:\Users\ZeroS\AppData\Local\Microsoft\WindowsApps;C:\Users\ZeroS\AppData\Local\Programs\Microsoft VS Code\bin;C:\Users\ZeroS\AppData\Roaming\npm;C:\Users\ZeroS\AppData\Local\Programs\Fiddler;C:\Users\ZeroS\AppData\Local\GitHubDesktop\bin;.]
23-Dec-2019 00:45:03.071 信息 [main] org.apache.coyote.AbstractProtocol.init 初始化协议处理器 ["http-nio-80"]
23-Dec-2019 00:45:03.579 信息 [main] org.apache.coyote.AbstractProtocol.init 初始化协议处理器 ["ajp-nio-8009"]
23-Dec-2019 00:45:03.588 信息 [main] org.apache.catalina.startup.Catalina.load 服务器在[999]毫秒内初始化
23-Dec-2019 00:45:03.612 信息 [main] org.apache.catalina.core.StandardService.startInternal Starting service [Catalina]
23-Dec-2019 00:45:03.613 信息 [main] org.apache.catalina.core.StandardEngine.startInternal Starting Servlet engine: [Apache Tomcat/9.0.21]
23-Dec-2019 00:45:03.624 信息 [main] org.apache.catalina.startup.HostConfig.deployDirectory 把web 应用程序部署到目录 [G:\学习\WEB\大作业\tomcat-9.0.21\webapps\docs]
23-Dec-2019 00:45:03.898 信息 [main] org.apache.catalina.startup.HostConfig.deployDirectory Deployment of web application directory [G:\学习\WEB\大作业\tomcat-9.0.21\webapps\docs] has finished in [274] ms
23-Dec-2019 00:45:03.899 信息 [main] org.apache.catalina.startup.HostConfig.deployDirectory 把web 应用程序部署到目录 [G:\学习\WEB\大作业\tomcat-9.0.21\webapps\examples]
23-Dec-2019 00:45:04.328 信息 [main] org.apache.catalina.startup.HostConfig.deployDirectory Deployment of web application directory [G:\学习\WEB\大作业\tomcat-9.0.21\webapps\examples] has finished in [429] ms
23-Dec-2019 00:45:04.329 信息 [main] org.apache.catalina.startup.HostConfig.deployDirectory 把web 应用程序部署到目录 [G:\学习\WEB\大作业\tomcat-9.0.21\webapps\host-manager]
23-Dec-2019 00:45:04.365 信息 [main] org.apache.catalina.startup.HostConfig.deployDirectory Deployment of web application directory [G:\学习\WEB\大作业\tomcat-9.0.21\webapps\host-manager] has finished in [36] ms
23-Dec-2019 00:45:04.366 信息 [main] org.apache.catalina.startup.HostConfig.deployDirectory 把web 应用程序部署到目录 [G:\学习\WEB\大作业\tomcat-9.0.21\webapps\manager]
23-Dec-2019 00:45:04.400 信息 [main] org.apache.catalina.startup.HostConfig.deployDirectory Deployment of web application directory [G:\学习\WEB\大作业\tomcat-9.0.21\webapps\manager] has finished in [34] ms
23-Dec-2019 00:45:04.403 信息 [main] org.apache.catalina.startup.HostConfig.deployDirectory 把web 应用程序部署到目录 [G:\学习\WEB\大作业\tomcat-9.0.21\webapps\RoomManage]
23-Dec-2019 00:45:04.812 信息 [main] org.apache.jasper.servlet.TldScanner.scanJars 至少有一个JAR被扫描用于TLD但尚未包含TLD。 为此记录器启用调试日志记录，以获取已扫描但未在其中找到TLD的完整JAR列表。 在扫描期间跳过不需要的JAR可以缩短启动时间和JSP编译时间。
23-Dec-2019 00:45:04.860 信息 [main] org.apache.catalina.startup.HostConfig.deployDirectory Deployment of web application directory [G:\学习\WEB\大作业\tomcat-9.0.21\webapps\RoomManage] has finished in [457] ms
23-Dec-2019 00:45:04.861 信息 [main] org.apache.catalina.startup.HostConfig.deployDirectory 把web 应用程序部署到目录 [G:\学习\WEB\大作业\tomcat-9.0.21\webapps\ROOT]
23-Dec-2019 00:45:04.891 信息 [main] org.apache.catalina.startup.HostConfig.deployDirectory Deployment of web application directory [G:\学习\WEB\大作业\tomcat-9.0.21\webapps\ROOT] has finished in [30] ms
23-Dec-2019 00:45:04.895 信息 [main] org.apache.coyote.AbstractProtocol.start 开始协议处理句柄["http-nio-80"]
23-Dec-2019 00:45:04.906 信息 [main] org.apache.coyote.AbstractProtocol.start 开始协议处理句柄["ajp-nio-8009"]
23-Dec-2019 00:45:04.908 信息 [main] org.apache.catalina.startup.Catalina.start Server startup in [1,319] milliseconds
