30-Dec-2019 23:46:30.403 信息 [main] org.apache.catalina.startup.VersionLoggerListener.log Server.服务器版本:        Apache Tomcat/9.0.21
30-Dec-2019 23:46:30.411 信息 [main] org.apache.catalina.startup.VersionLoggerListener.log Server.构建:          Jun 4 2019 20:19:36 UTC
30-Dec-2019 23:46:30.411 信息 [main] org.apache.catalina.startup.VersionLoggerListener.log Server version number: 9.0.21.0
30-Dec-2019 23:46:30.412 信息 [main] org.apache.catalina.startup.VersionLoggerListener.log OS Name:               Windows 10
30-Dec-2019 23:46:30.412 信息 [main] org.apache.catalina.startup.VersionLoggerListener.log OS.版本:            10.0
30-Dec-2019 23:46:30.412 信息 [main] org.apache.catalina.startup.VersionLoggerListener.log 结.造:          amd64
30-Dec-2019 23:46:30.412 信息 [main] org.apache.catalina.startup.VersionLoggerListener.log Java 环境变量:             C:\Program Files\Java\jdk1.8.0_231\jre
30-Dec-2019 23:46:30.413 信息 [main] org.apache.catalina.startup.VersionLoggerListener.log JVM 版本:           1.8.0_231-b11
30-Dec-2019 23:46:30.413 信息 [main] org.apache.catalina.startup.VersionLoggerListener.log JVM.供应商:            Oracle Corporation
30-Dec-2019 23:46:30.413 信息 [main] org.apache.catalina.startup.VersionLoggerListener.log CATALINA_BASE:         C:\Users\KrisTopherZ\Desktop\课程大作业_租房管理系统（曾淞，曾竣宏，张铭杰，刘明杰）\课程大作业_租房管理系统（曾淞、曾竣宏、刘明杰、张铭杰）\tomcat-9.0.21
30-Dec-2019 23:46:30.414 信息 [main] org.apache.catalina.startup.VersionLoggerListener.log CATALINA_HOME:         C:\Users\KrisTopherZ\Desktop\课程大作业_租房管理系统（曾淞，曾竣宏，张铭杰，刘明杰）\课程大作业_租房管理系统（曾淞、曾竣宏、刘明杰、张铭杰）\tomcat-9.0.21
30-Dec-2019 23:46:30.415 信息 [main] org.apache.catalina.startup.VersionLoggerListener.log Command line argument: -Djava.util.logging.config.file=C:\Users\KrisTopherZ\Desktop\课程大作业_租房管理系统（曾淞，曾竣宏，张铭杰，刘明杰）\课程大作业_租房管理系统（曾淞、曾竣宏、刘明杰、张铭杰）\tomcat-9.0.21\conf\logging.properties
30-Dec-2019 23:46:30.417 信息 [main] org.apache.catalina.startup.VersionLoggerListener.log Command line argument: -Djava.util.logging.manager=org.apache.juli.ClassLoaderLogManager
30-Dec-2019 23:46:30.417 信息 [main] org.apache.catalina.startup.VersionLoggerListener.log Command line argument: -Djdk.tls.ephemeralDHKeySize=2048
30-Dec-2019 23:46:30.418 信息 [main] org.apache.catalina.startup.VersionLoggerListener.log Command line argument: -Djava.protocol.handler.pkgs=org.apache.catalina.webresources
30-Dec-2019 23:46:30.419 信息 [main] org.apache.catalina.startup.VersionLoggerListener.log Command line argument: -Dignore.endorsed.dirs=
30-Dec-2019 23:46:30.430 信息 [main] org.apache.catalina.startup.VersionLoggerListener.log Command line argument: -Dcatalina.base=C:\Users\KrisTopherZ\Desktop\课程大作业_租房管理系统（曾淞，曾竣宏，张铭杰，刘明杰）\课程大作业_租房管理系统（曾淞、曾竣宏、刘明杰、张铭杰）\tomcat-9.0.21
30-Dec-2019 23:46:30.431 信息 [main] org.apache.catalina.startup.VersionLoggerListener.log Command line argument: -Dcatalina.home=C:\Users\KrisTopherZ\Desktop\课程大作业_租房管理系统（曾淞，曾竣宏，张铭杰，刘明杰）\课程大作业_租房管理系统（曾淞、曾竣宏、刘明杰、张铭杰）\tomcat-9.0.21
30-Dec-2019 23:46:30.435 信息 [main] org.apache.catalina.startup.VersionLoggerListener.log Command line argument: -Djava.io.tmpdir=C:\Users\KrisTopherZ\Desktop\课程大作业_租房管理系统（曾淞，曾竣宏，张铭杰，刘明杰）\课程大作业_租房管理系统（曾淞、曾竣宏、刘明杰、张铭杰）\tomcat-9.0.21\temp
30-Dec-2019 23:46:30.437 信息 [main] org.apache.catalina.core.AprLifecycleListener.lifecycleEvent The APR based Apache Tomcat Native library which allows optimal performance in production environments was not found on the java.library.path: [C:\Program Files\Java\jdk1.8.0_231\bin;C:\Windows\Sun\Java\bin;C:\Windows\system32;C:\Windows;C:\Program Files (x86)\Common Files\Oracle\Java\javapath;C:\Windows\system32;C:\Windows;C:\Windows\System32\Wbem;C:\Windows\System32\WindowsPowerShell\v1.0\;C:\Windows\System32\OpenSSH\;C:\Program Files\dotnet\;C:\Program Files\Microsoft SQL Server\130\Tools\Binn\;C:\Program Files\Microsoft SQL Server\Client SDK\ODBC\170\Tools\Binn\;C:\Program Files\Java\jdk1.8.0_231\bin;C:\Program Files (x86)\Microsoft SQL Server\140\Tools\Binn\;C:\Program Files\Microsoft SQL Server\140\Tools\Binn\;C:\Program Files (x86)\Microsoft SQL Server\140\DTS\Binn\;C:\Program Files\Microsoft SQL Server\140\DTS\Binn\;C:\Program Files\Microsoft SQL Server\Client SDK\ODBC\130\Tools\Binn\;C:\Program Files (x86)\Microsoft SQL Server\150\DTS\Binn\;C:\Program Files\Java\jre7;D:\Android\android-sdk-windows\platform-tools;D:\Android\android-sdk-windows\tools;C:\Users\KrisTopherZ\AppData\Local\Microsoft\WindowsApps;D:\Bandizip\;.]
30-Dec-2019 23:46:30.799 信息 [main] org.apache.coyote.AbstractProtocol.init 初始化协议处理器 ["http-nio-80"]
30-Dec-2019 23:46:31.372 信息 [main] org.apache.coyote.AbstractProtocol.init 初始化协议处理器 ["ajp-nio-8009"]
30-Dec-2019 23:46:31.383 信息 [main] org.apache.catalina.startup.Catalina.load 服务器在[1,237]毫秒内初始化
30-Dec-2019 23:46:31.414 信息 [main] org.apache.catalina.core.StandardService.startInternal Starting service [Catalina]
30-Dec-2019 23:46:31.415 信息 [main] org.apache.catalina.core.StandardEngine.startInternal Starting Servlet engine: [Apache Tomcat/9.0.21]
30-Dec-2019 23:46:31.427 信息 [main] org.apache.catalina.startup.HostConfig.deployDirectory 把web 应用程序部署到目录 [C:\Users\KrisTopherZ\Desktop\课程大作业_租房管理系统（曾淞，曾竣宏，张铭杰，刘明杰）\课程大作业_租房管理系统（曾淞、曾竣宏、刘明杰、张铭杰）\tomcat-9.0.21\webapps\docs]
30-Dec-2019 23:46:31.698 信息 [main] org.apache.catalina.startup.HostConfig.deployDirectory Deployment of web application directory [C:\Users\KrisTopherZ\Desktop\课程大作业_租房管理系统（曾淞，曾竣宏，张铭杰，刘明杰）\课程大作业_租房管理系统（曾淞、曾竣宏、刘明杰、张铭杰）\tomcat-9.0.21\webapps\docs] has finished in [271] ms
30-Dec-2019 23:46:31.699 信息 [main] org.apache.catalina.startup.HostConfig.deployDirectory 把web 应用程序部署到目录 [C:\Users\KrisTopherZ\Desktop\课程大作业_租房管理系统（曾淞，曾竣宏，张铭杰，刘明杰）\课程大作业_租房管理系统（曾淞、曾竣宏、刘明杰、张铭杰）\tomcat-9.0.21\webapps\examples]
30-Dec-2019 23:46:32.181 信息 [main] org.apache.catalina.startup.HostConfig.deployDirectory Deployment of web application directory [C:\Users\KrisTopherZ\Desktop\课程大作业_租房管理系统（曾淞，曾竣宏，张铭杰，刘明杰）\课程大作业_租房管理系统（曾淞、曾竣宏、刘明杰、张铭杰）\tomcat-9.0.21\webapps\examples] has finished in [482] ms
30-Dec-2019 23:46:32.183 信息 [main] org.apache.catalina.startup.HostConfig.deployDirectory 把web 应用程序部署到目录 [C:\Users\KrisTopherZ\Desktop\课程大作业_租房管理系统（曾淞，曾竣宏，张铭杰，刘明杰）\课程大作业_租房管理系统（曾淞、曾竣宏、刘明杰、张铭杰）\tomcat-9.0.21\webapps\host-manager]
30-Dec-2019 23:46:32.230 信息 [main] org.apache.catalina.startup.HostConfig.deployDirectory Deployment of web application directory [C:\Users\KrisTopherZ\Desktop\课程大作业_租房管理系统（曾淞，曾竣宏，张铭杰，刘明杰）\课程大作业_租房管理系统（曾淞、曾竣宏、刘明杰、张铭杰）\tomcat-9.0.21\webapps\host-manager] has finished in [47] ms
30-Dec-2019 23:46:32.231 信息 [main] org.apache.catalina.startup.HostConfig.deployDirectory 把web 应用程序部署到目录 [C:\Users\KrisTopherZ\Desktop\课程大作业_租房管理系统（曾淞，曾竣宏，张铭杰，刘明杰）\课程大作业_租房管理系统（曾淞、曾竣宏、刘明杰、张铭杰）\tomcat-9.0.21\webapps\manager]
30-Dec-2019 23:46:32.264 信息 [main] org.apache.catalina.startup.HostConfig.deployDirectory Deployment of web application directory [C:\Users\KrisTopherZ\Desktop\课程大作业_租房管理系统（曾淞，曾竣宏，张铭杰，刘明杰）\课程大作业_租房管理系统（曾淞、曾竣宏、刘明杰、张铭杰）\tomcat-9.0.21\webapps\manager] has finished in [33] ms
30-Dec-2019 23:46:32.265 信息 [main] org.apache.catalina.startup.HostConfig.deployDirectory 把web 应用程序部署到目录 [C:\Users\KrisTopherZ\Desktop\课程大作业_租房管理系统（曾淞，曾竣宏，张铭杰，刘明杰）\课程大作业_租房管理系统（曾淞、曾竣宏、刘明杰、张铭杰）\tomcat-9.0.21\webapps\RoomManage]
30-Dec-2019 23:46:32.636 信息 [main] org.apache.jasper.servlet.TldScanner.scanJars 至少有一个JAR被扫描用于TLD但尚未包含TLD。 为此记录器启用调试日志记录，以获取已扫描但未在其中找到TLD的完整JAR列表。 在扫描期间跳过不需要的JAR可以缩短启动时间和JSP编译时间。
30-Dec-2019 23:46:32.669 信息 [main] org.apache.catalina.startup.HostConfig.deployDirectory Deployment of web application directory [C:\Users\KrisTopherZ\Desktop\课程大作业_租房管理系统（曾淞，曾竣宏，张铭杰，刘明杰）\课程大作业_租房管理系统（曾淞、曾竣宏、刘明杰、张铭杰）\tomcat-9.0.21\webapps\RoomManage] has finished in [404] ms
30-Dec-2019 23:46:32.671 信息 [main] org.apache.catalina.startup.HostConfig.deployDirectory 把web 应用程序部署到目录 [C:\Users\KrisTopherZ\Desktop\课程大作业_租房管理系统（曾淞，曾竣宏，张铭杰，刘明杰）\课程大作业_租房管理系统（曾淞、曾竣宏、刘明杰、张铭杰）\tomcat-9.0.21\webapps\ROOT]
30-Dec-2019 23:46:32.713 信息 [main] org.apache.catalina.startup.HostConfig.deployDirectory Deployment of web application directory [C:\Users\KrisTopherZ\Desktop\课程大作业_租房管理系统（曾淞，曾竣宏，张铭杰，刘明杰）\课程大作业_租房管理系统（曾淞、曾竣宏、刘明杰、张铭杰）\tomcat-9.0.21\webapps\ROOT] has finished in [41] ms
30-Dec-2019 23:46:32.719 信息 [main] org.apache.coyote.AbstractProtocol.start 开始协议处理句柄["http-nio-80"]
30-Dec-2019 23:46:32.733 信息 [main] org.apache.coyote.AbstractProtocol.start 开始协议处理句柄["ajp-nio-8009"]
30-Dec-2019 23:46:32.739 信息 [main] org.apache.catalina.startup.Catalina.start Server startup in [1,356] milliseconds
